2025-09-03 13:05:58,949 INFO: [DEBUG] Dashboard - Venues found: 2 [in C:\Users\User\os_agency_v0.55\recruitment-app\app\payroll\routes.py:944]
2025-09-03 13:05:58,959 INFO: [DEBUG] Dashboard - Selected manager ID: 3 (type: <class 'int'>) [in C:\Users\User\os_agency_v0.55\recruitment-app\app\payroll\routes.py:946]
2025-09-03 13:05:58,959 INFO: [DEBUG] Dashboard - Manager 2 (type: <class 'int'>): SUPERTESTADMIN [in C:\Users\User\os_agency_v0.55\recruitment-app\app\payroll\routes.py:948]
2025-09-03 13:05:58,959 INFO: [DEBUG] Dashboard - Manager 3 (type: <class 'int'>): TESTADMIN001 [in C:\Users\User\os_agency_v0.55\recruitment-app\app\payroll\routes.py:948]
2025-09-03 13:05:58,960 INFO: [DEBUG] Dashboard - Manager 4 (type: <class 'int'>): TESTMANAGER001 [in C:\Users\User\os_agency_v0.55\recruitment-app\app\payroll\routes.py:948]
2025-09-03 13:05:59,103 INFO: [DEBUG] Dashboard - Agency ID: 2 [in C:\Users\User\os_agency_v0.55\recruitment-app\app\payroll\routes.py:942]
2025-09-03 13:05:59,103 INFO: [DEBUG] Dashboard - Managers found: 3 [in C:\Users\User\os_agency_v0.55\recruitment-app\app\payroll\routes.py:943]
2025-09-03 13:05:59,103 INFO: [DEBUG] Dashboard - Venues found: 2 [in C:\Users\User\os_agency_v0.55\recruitment-app\app\payroll\routes.py:944]
2025-09-03 13:05:59,104 INFO: [DEBUG] Dashboard - Selected manager ID: 3 (type: <class 'int'>) [in C:\Users\User\os_agency_v0.55\recruitment-app\app\payroll\routes.py:946]
2025-09-03 13:05:59,104 INFO: [DEBUG] Dashboard - Manager 2 (type: <class 'int'>): SUPERTESTADMIN [in C:\Users\User\os_agency_v0.55\recruitment-app\app\payroll\routes.py:948]
2025-09-03 13:05:59,104 INFO: [DEBUG] Dashboard - Manager 3 (type: <class 'int'>): TESTADMIN001 [in C:\Users\User\os_agency_v0.55\recruitment-app\app\payroll\routes.py:948]
2025-09-03 13:05:59,104 INFO: [DEBUG] Dashboard - Manager 4 (type: <class 'int'>): TESTMANAGER001 [in C:\Users\User\os_agency_v0.55\recruitment-app\app\payroll\routes.py:948]
2025-09-03 13:05:59,270 INFO: [DEBUG] Dashboard - Agency ID: 2 [in C:\Users\User\os_agency_v0.55\recruitment-app\app\payroll\routes.py:942]
2025-09-03 13:05:59,270 INFO: [DEBUG] Dashboard - Managers found: 3 [in C:\Users\User\os_agency_v0.55\recruitment-app\app\payroll\routes.py:943]
2025-09-03 13:05:59,271 INFO: [DEBUG] Dashboard - Venues found: 2 [in C:\Users\User\os_agency_v0.55\recruitment-app\app\payroll\routes.py:944]
2025-09-03 13:05:59,271 INFO: [DEBUG] Dashboard - Selected manager ID: 3 (type: <class 'int'>) [in C:\Users\User\os_agency_v0.55\recruitment-app\app\payroll\routes.py:946]
2025-09-03 13:05:59,271 INFO: [DEBUG] Dashboard - Manager 2 (type: <class 'int'>): SUPERTESTADMIN [in C:\Users\User\os_agency_v0.55\recruitment-app\app\payroll\routes.py:948]
2025-09-03 13:05:59,271 INFO: [DEBUG] Dashboard - Manager 3 (type: <class 'int'>): TESTADMIN001 [in C:\Users\User\os_agency_v0.55\recruitment-app\app\payroll\routes.py:948]
2025-09-03 13:05:59,271 INFO: [DEBUG] Dashboard - Manager 4 (type: <class 'int'>): TESTMANAGER001 [in C:\Users\User\os_agency_v0.55\recruitment-app\app\payroll\routes.py:948]
2025-09-04 01:06:25,769 INFO: OS Agency startup [in C:\Users\User\os_agency_v0.55\recruitment-app\app\__init__.py:43]
2025-09-04 01:06:35,907 INFO: [PERF] Starting payroll page load - 2025-09-04 01:06:35.907846 [in C:\Users\User\os_agency_v0.55\recruitment-app\app\payroll\routes.py:78]
2025-09-04 01:06:35,932 INFO: [PERF] Assignments retrieved: 0 in 0.024s [in C:\Users\User\os_agency_v0.55\recruitment-app\app\payroll\routes.py:138]
2025-09-04 01:06:35,932 INFO: [PERF] Starting batch processing for 0 assignments [in C:\Users\User\os_agency_v0.55\recruitment-app\app\payroll\routes.py:147]
2025-09-04 01:06:35,933 INFO: [PERF] Batch finished in 0.000s [in C:\Users\User\os_agency_v0.55\recruitment-app\app\payroll\routes.py:152]
2025-09-04 01:06:35,938 INFO: [PERF] Calculations finished in 0.006s [in C:\Users\User\os_agency_v0.55\recruitment-app\app\payroll\routes.py:202]
2025-09-04 01:06:35,942 INFO: [PERF] Payroll page ready to render in 0.035s total (status filter: active) [in C:\Users\User\os_agency_v0.55\recruitment-app\app\payroll\routes.py:226]
2025-09-04 01:06:49,501 INFO: [PERF] Starting payroll page load - 2025-09-04 01:06:49.501892 [in C:\Users\User\os_agency_v0.55\recruitment-app\app\payroll\routes.py:78]
2025-09-04 01:06:49,527 INFO: [PERF] Assignments retrieved: 5 in 0.025s [in C:\Users\User\os_agency_v0.55\recruitment-app\app\payroll\routes.py:138]
2025-09-04 01:06:49,527 INFO: [PERF] Starting batch processing for 5 assignments [in C:\Users\User\os_agency_v0.55\recruitment-app\app\payroll\routes.py:147]
2025-09-04 01:06:49,534 INFO: [PERF] Batch pre-queries finished in 0.006s [in C:\Users\User\os_agency_v0.55\recruitment-app\app\services\payroll_service.py:97]
2025-09-04 01:06:49,549 INFO: [PERF] Batch of 5 assignments processed in 0.015s [in C:\Users\User\os_agency_v0.55\recruitment-app\app\services\payroll_service.py:175]
2025-09-04 01:06:49,550 INFO: [PERF] Batch finished in 0.023s [in C:\Users\User\os_agency_v0.55\recruitment-app\app\payroll\routes.py:152]
2025-09-04 01:06:49,585 INFO: [PERF] Calculations finished in 0.058s [in C:\Users\User\os_agency_v0.55\recruitment-app\app\payroll\routes.py:202]
2025-09-04 01:06:49,589 INFO: [PERF] Payroll page ready to render in 0.087s total (status filter: ended) [in C:\Users\User\os_agency_v0.55\recruitment-app\app\payroll\routes.py:226]
2025-09-04 01:06:51,640 INFO: [DEBUG] Dashboard - Agency ID: 2 [in C:\Users\User\os_agency_v0.55\recruitment-app\app\payroll\routes.py:942]
2025-09-04 01:06:51,641 INFO: [DEBUG] Dashboard - Managers found: 3 [in C:\Users\User\os_agency_v0.55\recruitment-app\app\payroll\routes.py:943]
2025-09-04 01:06:51,641 INFO: [DEBUG] Dashboard - Venues found: 2 [in C:\Users\User\os_agency_v0.55\recruitment-app\app\payroll\routes.py:944]
2025-09-04 01:06:51,641 INFO: [DEBUG] Dashboard - Selected manager ID: 3 (type: <class 'int'>) [in C:\Users\User\os_agency_v0.55\recruitment-app\app\payroll\routes.py:946]
2025-09-04 01:06:51,642 INFO: [DEBUG] Dashboard - Manager 2 (type: <class 'int'>): SUPERTESTADMIN [in C:\Users\User\os_agency_v0.55\recruitment-app\app\payroll\routes.py:948]
2025-09-04 01:06:51,642 INFO: [DEBUG] Dashboard - Manager 3 (type: <class 'int'>): TESTADMIN001 [in C:\Users\User\os_agency_v0.55\recruitment-app\app\payroll\routes.py:948]
2025-09-04 01:06:51,643 INFO: [DEBUG] Dashboard - Manager 4 (type: <class 'int'>): TESTMANAGER001 [in C:\Users\User\os_agency_v0.55\recruitment-app\app\payroll\routes.py:948]
2025-09-04 01:16:00,034 INFO: OS Agency startup [in C:\Users\User\os_agency_v0.55\recruitment-app\app\__init__.py:43]
2025-09-04 01:16:08,719 INFO: [PERF] Starting payroll page load - 2025-09-04 01:16:08.719638 [in C:\Users\User\os_agency_v0.55\recruitment-app\app\payroll\routes.py:78]
2025-09-04 01:16:08,736 INFO: [PERF] Assignments retrieved: 0 in 0.017s [in C:\Users\User\os_agency_v0.55\recruitment-app\app\payroll\routes.py:138]
2025-09-04 01:16:08,736 INFO: [PERF] Starting batch processing for 0 assignments [in C:\Users\User\os_agency_v0.55\recruitment-app\app\payroll\routes.py:147]
2025-09-04 01:16:08,736 INFO: [PERF] Batch finished in 0.000s [in C:\Users\User\os_agency_v0.55\recruitment-app\app\payroll\routes.py:152]
2025-09-04 01:16:08,739 INFO: [PERF] Calculations finished in 0.003s [in C:\Users\User\os_agency_v0.55\recruitment-app\app\payroll\routes.py:202]
2025-09-04 01:16:08,764 INFO: [PERF] Payroll page ready to render in 0.045s total (status filter: active) [in C:\Users\User\os_agency_v0.55\recruitment-app\app\payroll\routes.py:226]
2025-09-04 01:16:23,932 INFO: [PERF] Starting payroll page load - 2025-09-04 01:16:23.932328 [in C:\Users\User\os_agency_v0.55\recruitment-app\app\payroll\routes.py:78]
2025-09-04 01:16:23,951 INFO: [PERF] Assignments retrieved: 5 in 0.019s [in C:\Users\User\os_agency_v0.55\recruitment-app\app\payroll\routes.py:138]
2025-09-04 01:16:23,952 INFO: [PERF] Starting batch processing for 5 assignments [in C:\Users\User\os_agency_v0.55\recruitment-app\app\payroll\routes.py:147]
2025-09-04 01:16:23,960 INFO: [PERF] Batch pre-queries finished in 0.008s [in C:\Users\User\os_agency_v0.55\recruitment-app\app\services\payroll_service.py:97]
2025-09-04 01:16:23,972 INFO: [PERF] Batch of 5 assignments processed in 0.012s [in C:\Users\User\os_agency_v0.55\recruitment-app\app\services\payroll_service.py:175]
2025-09-04 01:16:23,973 INFO: [PERF] Batch finished in 0.021s [in C:\Users\User\os_agency_v0.55\recruitment-app\app\payroll\routes.py:152]
2025-09-04 01:16:23,997 INFO: [PERF] Calculations finished in 0.045s [in C:\Users\User\os_agency_v0.55\recruitment-app\app\payroll\routes.py:202]
2025-09-04 01:16:24,002 INFO: [PERF] Payroll page ready to render in 0.070s total (status filter: ended) [in C:\Users\User\os_agency_v0.55\recruitment-app\app\payroll\routes.py:226]
2025-09-04 01:16:30,941 INFO: [DEBUG] Dashboard - Agency ID: 2 [in C:\Users\User\os_agency_v0.55\recruitment-app\app\payroll\routes.py:942]
2025-09-04 01:16:30,941 INFO: [DEBUG] Dashboard - Managers found: 3 [in C:\Users\User\os_agency_v0.55\recruitment-app\app\payroll\routes.py:943]
2025-09-04 01:16:30,942 INFO: [DEBUG] Dashboard - Venues found: 2 [in C:\Users\User\os_agency_v0.55\recruitment-app\app\payroll\routes.py:944]
2025-09-04 01:16:30,942 INFO: [DEBUG] Dashboard - Selected manager ID: 3 (type: <class 'int'>) [in C:\Users\User\os_agency_v0.55\recruitment-app\app\payroll\routes.py:946]
2025-09-04 01:16:30,942 INFO: [DEBUG] Dashboard - Manager 2 (type: <class 'int'>): SUPERTESTADMIN [in C:\Users\User\os_agency_v0.55\recruitment-app\app\payroll\routes.py:948]
2025-09-04 01:16:30,943 INFO: [DEBUG] Dashboard - Manager 3 (type: <class 'int'>): TESTADMIN001 [in C:\Users\User\os_agency_v0.55\recruitment-app\app\payroll\routes.py:948]
2025-09-04 01:16:30,943 INFO: [DEBUG] Dashboard - Manager 4 (type: <class 'int'>): TESTMANAGER001 [in C:\Users\User\os_agency_v0.55\recruitment-app\app\payroll\routes.py:948]
